<?xml version="1.0"?>
<!--
  ~ Copyright (c) 2021, Oracle and/or its affiliates.
  ~ Licensed under the Universal Permissive License v 1.0 as shown at
  ~ http://oss.oracle.com/licenses/upl.
  -->
<cache-config xmlns:xsi="http://www.w3.org/2001/XMLSchema-instance"
        xmlns="http://xmlns.oracle.com/coherence/coherence-cache-config"
        xsi:schemaLocation="http://xmlns.oracle.com/coherence/coherence-cache-config coherence-cache-config.xsd">

  <caching-scheme-mapping>
    <cache-mapping>
      <cache-name>*</cache-name>
      <scheme-name>remote-scheme</scheme-name>
    </cache-mapping>
  </caching-scheme-mapping>

  <caching-schemes>
    <remote-cache-scheme>
      <scheme-name>remote-scheme</scheme-name>
      <service-name>RemoteCache</service-name>
      <proxy-service-name>Proxy</proxy-service-name>
      <initiator-config>
        <tcp-initiator>
          <name-service-addresses>
            <socket-address>
              <address system-property="coherence.extend.address">127.0.0.1</address>
              <port system-property="coherence.extend.port">20000</port>
            </socket-address>
          </name-service-addresses>
        </tcp-initiator>
      </initiator-config>
    </remote-cache-scheme>
  </caching-schemes>
</cache-config>
