<?xml version="1.0"?>
<!--
  ~ Copyright (c) 2021, 2025, Oracle and/or its affiliates.
  ~ Licensed under the Universal Permissive License v 1.0 as shown at
  ~ http://oss.oracle.com/licenses/upl.
  -->
<cache-config xmlns:xsi="http://www.w3.org/2001/XMLSchema-instance"
        xmlns="http://xmlns.oracle.com/coherence/coherence-cache-config"
        xsi:schemaLocation="http://xmlns.oracle.com/coherence/coherence-cache-config coherence-cache-config.xsd">

  <caching-scheme-mapping>
    <cache-mapping>
      <cache-name>*</cache-name>
      <scheme-name>thin-${coherence.client remote}</scheme-name>
    </cache-mapping>
  </caching-scheme-mapping>

  <caching-schemes>
    <remote-cache-scheme>
      <scheme-name>thin-remote</scheme-name>
      <service-name>RemoteCache</service-name>
      <initiator-config>
        <tcp-initiator>
          <remote-addresses>
            <socket-address>
              <address system-property="coherence.extend.address">127.0.0.1</address>
              <port system-property="coherence.extend.port">20000</port>
            </socket-address>
          </remote-addresses>
        </tcp-initiator>
      </initiator-config>
    </remote-cache-scheme>

    <remote-grpc-cache-scheme>
      <scheme-name>thin-grpc-fixed</scheme-name>
      <remote-scope-name system-property="coherence.grpc.remote.scope"/>
      <service-name>RemoteGrpcCache</service-name>
      <cluster-name system-property="coherence.grpc.remote.cluster"/>
      <proxy-service-name system-property="coherence.grpc.remote.proxy"/>
      <grpc-channel system-property="coherence.grpc.channel">
        <remote-addresses>
          <socket-address>
            <address system-property="coherence.grpc.address">127.0.0.1</address>
            <port system-property="coherence.grpc.port">1408</port>
          </socket-address>
        </remote-addresses>
        <socket-provider system-property="coherence.grpc.socketprovider"/>
      </grpc-channel>
      <request-timeout system-property="coherence.grpc.request.timeout"/>
      <defer-key-association-check system-property="coherence.grpc.defer.key.association"/>
      <heartbeat-interval system-property="coherence.grpc.heartbeat.interval"/>
      <heartbeat-ack-required system-property="coherence.grpc.heartbeat.ack"/>
    </remote-grpc-cache-scheme>
  </caching-schemes>
</cache-config>
